<?xml version="1.0" encoding="UTF-8"?>
<!-- Generated by org.testng.reporters.JUnitReportReporter -->
<testsuite hostname="LAPTOP-ATHU9U5K" failures="0" tests="1" name="practice.Sample" time="0.012" errors="0" timestamp="2023-04-12T11:14:48 IST" skipped="0">
  <testcase classname="practice.Sample" name="sample" time="0.012"/>
  <system-out/>
</testsuite> <!-- practice.Sample -->
